<?xml version="1.0" encoding="utf-8"?><testsuites name="pytest tests"><testsuite name="pytest" errors="0" failures="0" skipped="0" tests="13" time="3.592" timestamp="2026-03-26T09:20:11.288008+00:00" hostname="agent-env-cd42e31e-aac7-4e45-9a32-da01ba58fe07"><testcase classname="tests.test_theme_branding.TestHealthAndBranding" name="test_health_endpoint" time="0.229" /><testcase classname="tests.test_theme_branding.TestHealthAndBranding" name="test_public_branding_endpoint" time="0.101" /><testcase classname="tests.test_theme_branding.TestHealthAndBranding" name="test_uploaded_logo_accessible" time="0.221" /><testcase classname="tests.test_theme_branding.TestAdminAuth" name="test_admin_login_success" time="0.324" /><testcase classname="tests.test_theme_branding.TestAdminAuth" name="test_admin_login_invalid_credentials" time="0.317" /><testcase classname="tests.test_theme_branding.TestAdminSettings" name="test_get_settings" time="0.427" /><testcase classname="tests.test_theme_branding.TestAdminSettings" name="test_upload_logo_endpoint" time="0.452" /><testcase classname="tests.test_theme_branding.TestAdminSettings" name="test_settings_requires_auth" time="0.092" /><testcase classname="tests.test_theme_branding.TestUserAuth" name="test_user_login_success" time="0.328" /><testcase classname="tests.test_theme_branding.TestUserAuth" name="test_user_login_invalid_credentials" time="0.357" /><testcase classname="tests.test_theme_branding.TestStaticAssets" name="test_sgcci_logo_accessible" time="0.135" /><testcase classname="tests.test_theme_branding.TestStaticAssets" name="test_sbc_logo_accessible" time="0.110" /><testcase classname="tests.test_theme_branding.TestDashboardStats" name="test_dashboard_stats" time="0.433" /></testsuite></testsuites>