<?xml version="1.0" encoding="utf-8"?><testsuites name="pytest tests"><testsuite name="pytest" errors="0" failures="0" skipped="0" tests="11" time="2.286" timestamp="2026-03-24T05:24:03.156751+00:00" hostname="agent-env-f4d4a582-bda4-49fd-a921-16bffe2ae34c"><testcase classname="tests.test_pwa_volunteer.TestPWAEndpoints" name="test_manifest_json_served" time="0.217" /><testcase classname="tests.test_pwa_volunteer.TestPWAEndpoints" name="test_service_worker_served" time="0.098" /><testcase classname="tests.test_pwa_volunteer.TestPWAEndpoints" name="test_icon_192_served" time="0.168" /><testcase classname="tests.test_pwa_volunteer.TestPWAEndpoints" name="test_icon_512_served" time="0.159" /><testcase classname="tests.test_pwa_volunteer.TestHealthEndpoint" name="test_health_check" time="0.125" /><testcase classname="tests.test_pwa_volunteer.TestVolunteerAuth" name="test_volunteer_login_success" time="0.359" /><testcase classname="tests.test_pwa_volunteer.TestVolunteerAuth" name="test_volunteer_login_invalid_credentials" time="0.096" /><testcase classname="tests.test_pwa_volunteer.TestVolunteerEndpoints" name="test_get_volunteer_events" time="0.427" /><testcase classname="tests.test_pwa_volunteer.TestVolunteerEndpoints" name="test_volunteer_events_requires_auth" time="0.099" /><testcase classname="tests.test_pwa_volunteer.TestAdminAuth" name="test_admin_login_success" time="0.326" /><testcase classname="tests.test_pwa_volunteer.TestAdminAuth" name="test_admin_login_invalid_credentials" time="0.102" /></testsuite></testsuites>