<?xml version="1.0" encoding="utf-8"?><testsuites name="pytest tests"><testsuite name="pytest" errors="0" failures="0" skipped="0" tests="16" time="3.370" timestamp="2026-03-31T10:46:46.668784+00:00" hostname="agent-env-d87cd745-21ed-45e5-9f28-458251063cee"><testcase classname="backend.tests.test_predeployment.TestUserAuth" name="test_user_login_with_phone_only" time="0.223" /><testcase classname="backend.tests.test_predeployment.TestUserAuth" name="test_user_login_invalid_phone" time="0.133" /><testcase classname="backend.tests.test_predeployment.TestAdminAuth" name="test_admin_login_success" time="0.365" /><testcase classname="backend.tests.test_predeployment.TestAdminAuth" name="test_admin_login_invalid_credentials" time="0.340" /><testcase classname="backend.tests.test_predeployment.TestBrandingAPI" name="test_branding_returns_sponsor_fields" time="0.149" /><testcase classname="backend.tests.test_predeployment.TestPublicProfile" name="test_public_profile_exists" time="0.105" /><testcase classname="backend.tests.test_predeployment.TestPublicProfile" name="test_public_profile_not_found" time="0.109" /><testcase classname="backend.tests.test_predeployment.TestPhotoUpload" name="test_upload_profile_picture" time="0.251" /><testcase classname="backend.tests.test_predeployment.TestPhotoUpload" name="test_upload_company_logo" time="0.258" /><testcase classname="backend.tests.test_predeployment.TestUserProfile" name="test_get_user_profile" time="0.146" /><testcase classname="backend.tests.test_predeployment.TestUserProfile" name="test_update_user_profile" time="0.206" /><testcase classname="backend.tests.test_predeployment.TestLiveScreen" name="test_live_auth_success" time="0.102" /><testcase classname="backend.tests.test_predeployment.TestLiveScreen" name="test_live_auth_invalid_password" time="0.138" /><testcase classname="backend.tests.test_predeployment.TestAdminSettings" name="test_get_admin_settings" time="0.381" /><testcase classname="backend.tests.test_predeployment.TestCategories" name="test_get_categories" time="0.149" /><testcase classname="backend.tests.test_predeployment.TestVCard" name="test_vcard_download" time="0.111" /></testsuite></testsuites>