<?xml version="1.0" encoding="utf-8"?><testsuites name="pytest tests"><testsuite name="pytest" errors="0" failures="0" skipped="0" tests="8" time="100.906" timestamp="2026-04-15T10:31:56.581968+00:00" hostname="agent-env-e3b5ccdc-30bc-4fa6-819d-cbaafd5e3010"><testcase classname="backend.tests.test_openai_settings.TestOpenAISettingsAPI" name="test_get_settings_returns_masked_openai_key" time="0.457" /><testcase classname="backend.tests.test_openai_settings.TestOpenAISettingsAPI" name="test_save_openai_api_key" time="0.200" /><testcase classname="backend.tests.test_openai_settings.TestOpenAISettingsAPI" name="test_masked_key_does_not_overwrite_stored_key" time="0.397" /><testcase classname="backend.tests.test_openai_settings.TestTableAssignmentWithAI" name="test_assign_tables_starts_job" time="0.106" /><testcase classname="backend.tests.test_openai_settings.TestTableAssignmentWithAI" name="test_table_assignment_completes_without_openai_key" time="65.343" /><testcase classname="backend.tests.test_openai_settings.TestTableAssignmentWithAI" name="test_table_assignment_graceful_skip_with_invalid_key" time="34.004" /><testcase classname="backend.tests.test_openai_settings.TestCategoriesPageNoAI" name="test_categories_endpoint_no_clash_group_in_response" time="0.127" /><testcase classname="backend.tests.test_openai_settings.TestCategoriesPageNoAI" name="test_create_category_without_clash_group" time="0.220" /></testsuite></testsuites>