<?xml version="1.0" encoding="utf-8"?><testsuites name="pytest tests"><testsuite name="pytest" errors="0" failures="0" skipped="0" tests="15" time="9.241" timestamp="2026-03-31T06:24:50.399641+00:00" hostname="agent-env-4a9c7692-2068-4cbd-b9f2-b8f1e7074d34"><testcase classname="backend.tests.test_dayof_event.TestDayOfEventEndpoints" name="test_day_of_status_returns_correct_structure" time="0.599" /><testcase classname="backend.tests.test_dayof_event.TestDayOfEventEndpoints" name="test_day_of_status_404_for_invalid_event" time="0.848" /><testcase classname="backend.tests.test_dayof_event.TestDayOfEventEndpoints" name="test_spot_register_creates_user_and_registers" time="0.743" /><testcase classname="backend.tests.test_dayof_event.TestDayOfEventEndpoints" name="test_spot_register_rejects_missing_name" time="0.419" /><testcase classname="backend.tests.test_dayof_event.TestDayOfEventEndpoints" name="test_spot_register_rejects_missing_phone" time="0.422" /><testcase classname="backend.tests.test_dayof_event.TestDayOfEventEndpoints" name="test_spot_register_rejects_duplicate_registration" time="0.764" /><testcase classname="backend.tests.test_dayof_event.TestDayOfEventEndpoints" name="test_spot_register_404_for_invalid_event" time="0.417" /><testcase classname="backend.tests.test_dayof_event.TestDayOfEventEndpoints" name="test_close_entry_sets_flag" time="0.474" /><testcase classname="backend.tests.test_dayof_event.TestDayOfEventEndpoints" name="test_reopen_entry_clears_flag" time="0.534" /><testcase classname="backend.tests.test_dayof_event.TestDayOfEventEndpoints" name="test_close_entry_404_for_invalid_event" time="0.451" /><testcase classname="backend.tests.test_dayof_event.TestDayOfEventEndpoints" name="test_reallocate_returns_correct_structure" time="0.417" /><testcase classname="backend.tests.test_dayof_event.TestDayOfEventEndpoints" name="test_reallocate_404_for_invalid_event" time="0.432" /><testcase classname="backend.tests.test_dayof_event.TestDayOfEventEndpoints" name="test_reallocate_with_spot_user_flow" time="0.905" /><testcase classname="backend.tests.test_dayof_event.TestDayOfEventEndpoints" name="test_endpoints_require_auth" time="0.747" /><testcase classname="backend.tests.test_dayof_event.TestReallocationConstraints" name="test_spot_register_with_category" time="0.875" /></testsuite></testsuites>