<?xml version="1.0" encoding="utf-8"?><testsuites name="pytest tests"><testsuite name="pytest" errors="0" failures="0" skipped="0" tests="29" time="9.925" timestamp="2026-04-15T08:36:18.085947+00:00" hostname="agent-env-6153282f-b9c3-45b1-aaf9-8755c773c123"><testcase classname="backend.tests.test_critical_event.TestAdminAuth" name="test_admin_login_success" time="0.420" /><testcase classname="backend.tests.test_critical_event.TestAdminAuth" name="test_admin_login_invalid_credentials" time="0.362" /><testcase classname="backend.tests.test_critical_event.TestUserAuth" name="test_user_login_success" time="0.104" /><testcase classname="backend.tests.test_critical_event.TestUserAuth" name="test_user_login_nonexistent" time="0.146" /><testcase classname="backend.tests.test_critical_event.TestVolunteerAuth" name="test_volunteer_login_success" time="0.326" /><testcase classname="backend.tests.test_critical_event.TestVolunteerAuth" name="test_volunteer_login_invalid" time="0.327" /><testcase classname="backend.tests.test_critical_event.TestLiveScreen" name="test_live_auth_success" time="0.147" /><testcase classname="backend.tests.test_critical_event.TestLiveScreen" name="test_live_auth_invalid" time="0.130" /><testcase classname="backend.tests.test_critical_event.TestLiveScreen" name="test_live_events_list" time="0.099" /><testcase classname="backend.tests.test_critical_event.TestAdminDashboard" name="test_dashboard_stats" time="0.480" /><testcase classname="backend.tests.test_critical_event.TestAdminDashboard" name="test_events_list" time="0.472" /><testcase classname="backend.tests.test_critical_event.TestAdminDashboard" name="test_event_detail" time="0.536" /><testcase classname="backend.tests.test_critical_event.TestAdminDashboard" name="test_event_registrations" time="0.638" /><testcase classname="backend.tests.test_critical_event.TestAdminDashboard" name="test_event_assignments" time="0.640" /><testcase classname="backend.tests.test_critical_event.TestAdminDashboard" name="test_categories_list" time="0.454" /><testcase classname="backend.tests.test_critical_event.TestAdminDashboard" name="test_volunteers_list" time="0.425" /><testcase classname="backend.tests.test_critical_event.TestAdminDashboard" name="test_users_list" time="0.513" /><testcase classname="backend.tests.test_critical_event.TestAdminDashboard" name="test_settings_get" time="0.436" /><testcase classname="backend.tests.test_critical_event.TestPublicEndpoints" name="test_public_branding" time="0.110" /><testcase classname="backend.tests.test_critical_event.TestPublicEndpoints" name="test_public_categories" time="0.117" /><testcase classname="backend.tests.test_critical_event.TestPublicEndpoints" name="test_public_events" time="0.104" /><testcase classname="backend.tests.test_critical_event.TestPublicEndpoints" name="test_public_profile" time="0.562" /><testcase classname="backend.tests.test_critical_event.TestPublicEndpoints" name="test_qr_code_generation" time="0.706" /><testcase classname="backend.tests.test_critical_event.TestUserFlows" name="test_user_profile" time="0.209" /><testcase classname="backend.tests.test_critical_event.TestUserFlows" name="test_user_events" time="0.207" /><testcase classname="backend.tests.test_critical_event.TestUserFlows" name="test_user_categories" time="0.217" /><testcase classname="backend.tests.test_critical_event.TestVolunteerFlows" name="test_volunteer_events" time="0.426" /><testcase classname="backend.tests.test_critical_event.TestLiveScreenData" name="test_live_stats" time="0.256" /><testcase classname="backend.tests.test_critical_event.TestLiveScreenData" name="test_live_leaderboard" time="0.225" /></testsuite></testsuites>