<?xml version="1.0" encoding="utf-8"?><testsuites name="pytest tests"><testsuite name="pytest" errors="0" failures="0" skipped="0" tests="8" time="1.439" timestamp="2026-03-31T09:11:22.874108+00:00" hostname="agent-env-d87cd745-21ed-45e5-9f28-458251063cee"><testcase classname="tests.test_photo_upload.TestPhotoUpload" name="test_upload_profile_picture" time="0.486" /><testcase classname="tests.test_photo_upload.TestPhotoUpload" name="test_upload_company_logo" time="0.134" /><testcase classname="tests.test_photo_upload.TestPhotoUpload" name="test_reject_non_image_file" time="0.096" /><testcase classname="tests.test_photo_upload.TestPhotoUpload" name="test_invalid_photo_type" time="0.098" /><testcase classname="tests.test_photo_upload.TestPhotoUpload" name="test_uploaded_file_accessible" time="0.206" /><testcase classname="tests.test_photo_upload.TestProfileWithPhotos" name="test_profile_contains_photo_fields" time="0.103" /><testcase classname="tests.test_photo_upload.TestPublicProfile" name="test_public_profile_shows_photos" time="0.145" /><testcase classname="tests.test_photo_upload.TestPublicProfile" name="test_public_profile_social_links" time="0.117" /></testsuite></testsuites>