<?xml version="1.0" encoding="utf-8"?><testsuites name="pytest tests"><testsuite name="pytest" errors="0" failures="3" skipped="0" tests="27" time="8.304" timestamp="2026-04-16T12:42:07.332806+00:00" hostname="agent-env-e3b5ccdc-30bc-4fa6-819d-cbaafd5e3010"><testcase classname="tests.test_comprehensive_health.TestAdminAuth" name="test_admin_login_success" time="0.474"><failure message="AssertionError: assert None == 'admin@ssnc.com'&#10; +  where None = &lt;built-in method get of dict object at 0xfe30b3e26480&gt;('email')&#10; +    where &lt;built-in method get of dict object at 0xfe30b3e26480&gt; = {}.get&#10; +      where {} = &lt;built-in method get of dict object at 0xfe30b3e26280&gt;('admin', {})&#10; +        where &lt;built-in method get of dict object at 0xfe30b3e26280&gt; = {'role': 'admin', 'token': 'eyJhbGciOiJIUzI1NiIsInR5cCI6IkpXVCJ9.eyJzdWIiOiJhZG1pbi0wMDEiLCJyb2xlIjoiYWRtaW4iLCJleHAiOjE3NzY2MDI1MjcsImVtYWlsIjoiYWRtaW5Ac3NuYy5jb20ifQ.tvzTBn68BF8cRIpW_3y-ETyn1dQfF0llBi-YYBRdVLk', 'user': {'email': 'admin@ssnc.com', 'id': 'admin-001'}}.get">tests/test_comprehensive_health.py:33: in test_admin_login_success
    assert data.get("admin", {}).get("email") == ADMIN_EMAIL
E   AssertionError: assert None == 'admin@ssnc.com'
E    +  where None = &lt;built-in method get of dict object at 0xfe30b3e26480&gt;('email')
E    +    where &lt;built-in method get of dict object at 0xfe30b3e26480&gt; = {}.get
E    +      where {} = &lt;built-in method get of dict object at 0xfe30b3e26280&gt;('admin', {})
E    +        where &lt;built-in method get of dict object at 0xfe30b3e26280&gt; = {'role': 'admin', 'token': 'eyJhbGciOiJIUzI1NiIsInR5cCI6IkpXVCJ9.eyJzdWIiOiJhZG1pbi0wMDEiLCJyb2xlIjoiYWRtaW4iLCJleHAiOjE3NzY2MDI1MjcsImVtYWlsIjoiYWRtaW5Ac3NuYy5jb20ifQ.tvzTBn68BF8cRIpW_3y-ETyn1dQfF0llBi-YYBRdVLk', 'user': {'email': 'admin@ssnc.com', 'id': 'admin-001'}}.get</failure></testcase><testcase classname="tests.test_comprehensive_health.TestAdminAuth" name="test_admin_login_invalid_credentials" time="0.142"><failure message="AssertionError: Expected 401/403, got 400&#10;assert 400 in [401, 403]&#10; +  where 400 = &lt;Response [400]&gt;.status_code">tests/test_comprehensive_health.py:43: in test_admin_login_invalid_credentials
    assert response.status_code in [401, 403], f"Expected 401/403, got {response.status_code}"
E   AssertionError: Expected 401/403, got 400
E   assert 400 in [401, 403]
E    +  where 400 = &lt;Response [400]&gt;.status_code</failure></testcase><testcase classname="tests.test_comprehensive_health.TestAdminDashboard" name="test_dashboard_stats" time="0.496" /><testcase classname="tests.test_comprehensive_health.TestAdminEvents" name="test_events_list" time="0.496" /><testcase classname="tests.test_comprehensive_health.TestAdminEvents" name="test_event_detail" time="0.537" /><testcase classname="tests.test_comprehensive_health.TestAdminEvents" name="test_event_registrations" time="0.536" /><testcase classname="tests.test_comprehensive_health.TestAdminEvents" name="test_event_assignments" time="0.615" /><testcase classname="tests.test_comprehensive_health.TestAdminEvents" name="test_day_of_status" time="0.522" /><testcase classname="tests.test_comprehensive_health.TestAdminCategories" name="test_categories_list" time="0.465" /><testcase classname="tests.test_comprehensive_health.TestAdminSettings" name="test_settings_load" time="0.463" /><testcase classname="tests.test_comprehensive_health.TestAdminTableCaptains" name="test_table_captains_list" time="0.508" /><testcase classname="tests.test_comprehensive_health.TestAdminWhatsApp" name="test_whatsapp_status" time="0.488" /><testcase classname="tests.test_comprehensive_health.TestUserAuth" name="test_user_login_success" time="0.119" /><testcase classname="tests.test_comprehensive_health.TestUserAuth" name="test_user_login_invalid" time="0.104"><failure message="AssertionError: Expected auth error, got 400&#10;assert 400 in [401, 403, 404]&#10; +  where 400 = &lt;Response [400]&gt;.status_code">tests/test_comprehensive_health.py:252: in test_user_login_invalid
    assert response.status_code in [401, 403, 404], f"Expected auth error, got {response.status_code}"
E   AssertionError: Expected auth error, got 400
E   assert 400 in [401, 403, 404]
E    +  where 400 = &lt;Response [400]&gt;.status_code</failure></testcase><testcase classname="tests.test_comprehensive_health.TestUserDashboard" name="test_user_profile" time="0.241" /><testcase classname="tests.test_comprehensive_health.TestUserDashboard" name="test_user_events" time="0.256" /><testcase classname="tests.test_comprehensive_health.TestUserDashboard" name="test_user_categories" time="0.225" /><testcase classname="tests.test_comprehensive_health.TestUserBadgeLookup" name="test_badge_lookup" time="0.220" /><testcase classname="tests.test_comprehensive_health.TestVolunteerAuth" name="test_volunteer_login_success" time="0.343" /><testcase classname="tests.test_comprehensive_health.TestLiveScreen" name="test_live_auth" time="0.106" /><testcase classname="tests.test_comprehensive_health.TestLiveScreen" name="test_live_auth_invalid" time="0.103" /><testcase classname="tests.test_comprehensive_health.TestLiveScreen" name="test_live_stats" time="0.111" /><testcase classname="tests.test_comprehensive_health.TestLiveScreen" name="test_live_leaderboard" time="0.116" /><testcase classname="tests.test_comprehensive_health.TestLiveScreen" name="test_live_events_list" time="0.111" /><testcase classname="tests.test_comprehensive_health.TestPublicEndpoints" name="test_public_branding" time="0.115" /><testcase classname="tests.test_comprehensive_health.TestPublicEndpoints" name="test_public_categories" time="0.127" /><testcase classname="tests.test_comprehensive_health.TestPublicEndpoints" name="test_public_events" time="0.099" /></testsuite></testsuites>