<?xml version="1.0" encoding="utf-8"?><testsuites name="pytest tests"><testsuite name="pytest" errors="0" failures="1" skipped="0" tests="31" time="12.335" timestamp="2026-04-17T14:03:26.735550+00:00" hostname="agent-env-e451a24b-e00d-46a9-ab89-9faf7536ac7e"><testcase classname="test_comprehensive_api.TestAuthEndpoints" name="test_admin_login_success" time="0.417" /><testcase classname="test_comprehensive_api.TestAuthEndpoints" name="test_admin_login_invalid" time="0.135"><failure message="assert 400 == 401&#10; +  where 400 = &lt;Response [400]&gt;.status_code">test_comprehensive_api.py:33: in test_admin_login_invalid
    assert response.status_code == 401
E   assert 400 == 401
E    +  where 400 = &lt;Response [400]&gt;.status_code</failure></testcase><testcase classname="test_comprehensive_api.TestAuthEndpoints" name="test_user_login_phone_only" time="0.106" /><testcase classname="test_comprehensive_api.TestAuthEndpoints" name="test_volunteer_login_success" time="0.331" /><testcase classname="test_comprehensive_api.TestAdminEndpoints" name="test_get_events" time="0.466" /><testcase classname="test_comprehensive_api.TestAdminEndpoints" name="test_get_event_detail" time="0.484" /><testcase classname="test_comprehensive_api.TestAdminEndpoints" name="test_get_users" time="0.641" /><testcase classname="test_comprehensive_api.TestAdminEndpoints" name="test_get_categories" time="0.478" /><testcase classname="test_comprehensive_api.TestAdminEndpoints" name="test_get_registrations" time="0.518" /><testcase classname="test_comprehensive_api.TestAdminEndpoints" name="test_get_settings" time="0.475" /><testcase classname="test_comprehensive_api.TestAdminEndpoints" name="test_round_control_toggle_references" time="0.701" /><testcase classname="test_comprehensive_api.TestAdminEndpoints" name="test_toggle_registration" time="0.634" /><testcase classname="test_comprehensive_api.TestUserEndpoints" name="test_get_profile" time="0.225" /><testcase classname="test_comprehensive_api.TestUserEndpoints" name="test_get_events" time="0.230" /><testcase classname="test_comprehensive_api.TestUserEndpoints" name="test_get_my_tables" time="0.232" /><testcase classname="test_comprehensive_api.TestUserEndpoints" name="test_get_table_people" time="0.241" /><testcase classname="test_comprehensive_api.TestUserEndpoints" name="test_lookup_badge" time="0.258" /><testcase classname="test_comprehensive_api.TestUserEndpoints" name="test_lookup_badge_self_error" time="0.723" /><testcase classname="test_comprehensive_api.TestUserEndpoints" name="test_get_references" time="0.264" /><testcase classname="test_comprehensive_api.TestReferencesToggle" name="test_references_disabled_returns_403" time="1.122" /><testcase classname="test_comprehensive_api.TestReferencesToggle" name="test_references_enabled_succeeds" time="0.814" /><testcase classname="test_comprehensive_api.TestVolunteerEndpoints" name="test_get_events" time="0.476" /><testcase classname="test_comprehensive_api.TestLiveEndpoints" name="test_live_auth_success" time="0.103" /><testcase classname="test_comprehensive_api.TestLiveEndpoints" name="test_live_auth_failure" time="0.108" /><testcase classname="test_comprehensive_api.TestLiveEndpoints" name="test_get_live_events" time="0.127" /><testcase classname="test_comprehensive_api.TestLiveEndpoints" name="test_get_live_stats" time="0.119" /><testcase classname="test_comprehensive_api.TestLiveEndpoints" name="test_get_leaderboard" time="0.151" /><testcase classname="test_comprehensive_api.TestPublicEndpoints" name="test_get_branding" time="0.112" /><testcase classname="test_comprehensive_api.TestPublicEndpoints" name="test_get_public_categories" time="0.105" /><testcase classname="test_comprehensive_api.TestPublicEndpoints" name="test_get_public_profile" time="0.657" /><testcase classname="test_comprehensive_api.TestPublicEndpoints" name="test_get_qr_code" time="0.719" /></testsuite></testsuites>