<?xml version="1.0" encoding="utf-8"?><testsuites name="pytest tests"><testsuite name="pytest" errors="0" failures="0" skipped="0" tests="9" time="4.046" timestamp="2026-03-31T08:08:34.006571+00:00" hostname="agent-env-d87cd745-21ed-45e5-9f28-458251063cee"><testcase classname="backend.tests.test_sponsor_features.TestSponsorFeatures" name="test_public_branding_returns_sponsor_fields" time="0.449" /><testcase classname="backend.tests.test_sponsor_features.TestSponsorFeatures" name="test_public_branding_returns_existing_sponsor_names" time="0.421" /><testcase classname="backend.tests.test_sponsor_features.TestSponsorFeatures" name="test_admin_settings_get_returns_sponsor_names" time="0.359" /><testcase classname="backend.tests.test_sponsor_features.TestSponsorFeatures" name="test_admin_settings_update_sponsor_name_1" time="0.510" /><testcase classname="backend.tests.test_sponsor_features.TestSponsorFeatures" name="test_admin_settings_update_sponsor_name_2" time="0.466" /><testcase classname="backend.tests.test_sponsor_features.TestSponsorFeatures" name="test_admin_settings_update_both_sponsor_names" time="0.481" /><testcase classname="backend.tests.test_sponsor_features.TestSponsorFeatures" name="test_admin_settings_update_requires_auth" time="0.436" /><testcase classname="backend.tests.test_sponsor_features.TestSponsorFeatures" name="test_logo_upload_endpoint_accepts_sponsor_logo_1" time="0.441" /><testcase classname="backend.tests.test_sponsor_features.TestSponsorFeatures" name="test_logo_upload_endpoint_accepts_sponsor_logo_2" time="0.426" /></testsuite></testsuites>