<?xml version="1.0" encoding="utf-8"?><testsuites name="pytest tests"><testsuite name="pytest" errors="0" failures="0" skipped="0" tests="17" time="10.042" timestamp="2026-03-31T04:22:44.012144+00:00" hostname="agent-env-4a9c7692-2068-4cbd-b9f2-b8f1e7074d34"><testcase classname="backend.tests.test_user_management.TestUserEdit" name="test_edit_user_name" time="1.097" /><testcase classname="backend.tests.test_user_management.TestUserEdit" name="test_edit_user_phone" time="0.653" /><testcase classname="backend.tests.test_user_management.TestUserEdit" name="test_edit_user_email" time="0.653" /><testcase classname="backend.tests.test_user_management.TestUserEdit" name="test_edit_user_business_name" time="0.567" /><testcase classname="backend.tests.test_user_management.TestUserEdit" name="test_edit_user_position" time="0.537" /><testcase classname="backend.tests.test_user_management.TestUserEdit" name="test_edit_user_multiple_fields" time="0.526" /><testcase classname="backend.tests.test_user_management.TestUserEdit" name="test_edit_user_duplicate_phone_rejected" time="0.985" /><testcase classname="backend.tests.test_user_management.TestUserEdit" name="test_edit_nonexistent_user_returns_404" time="0.135" /><testcase classname="backend.tests.test_user_management.TestUserEdit" name="test_edit_user_no_fields_returns_400" time="0.577" /><testcase classname="backend.tests.test_user_management.TestUserDelete" name="test_delete_user_success" time="0.537" /><testcase classname="backend.tests.test_user_management.TestUserDelete" name="test_delete_user_cascades_registrations" time="0.637" /><testcase classname="backend.tests.test_user_management.TestUserDelete" name="test_delete_nonexistent_user_returns_404" time="0.112" /><testcase classname="backend.tests.test_user_management.TestDeleteAllUsers" name="test_delete_all_users_endpoint_exists" time="1.854" /><testcase classname="backend.tests.test_user_management.TestDeleteAllUsers" name="test_delete_all_clears_registrations" time="0.666" /><testcase classname="backend.tests.test_user_management.TestAuthRequired" name="test_edit_user_requires_auth" time="0.096" /><testcase classname="backend.tests.test_user_management.TestAuthRequired" name="test_delete_user_requires_auth" time="0.096" /><testcase classname="backend.tests.test_user_management.TestAuthRequired" name="test_delete_all_users_requires_auth" time="0.121" /></testsuite></testsuites>